<?xml version="1.0" encoding="UTF-8"?>
<!-- Generated by org.testng.reporters.JUnitReportReporter -->
<testsuite hostname="DESKTOP-4GR1QTA" failures="4" tests="5" name="com.app.runner.TestNgRunner" time="247.039" errors="0" timestamp="2024-01-18T15:45:17 IST" skipped="0">
  <testcase classname="com.app.runner.TestNgRunner" name="runScenario" time="47.491">
    <failure type="java.lang.AssertionError">
      <![CDATA[java.lang.AssertionError
at org.junit.Assert.fail(Assert.java:86)
at org.junit.Assert.assertTrue(Assert.java:41)
at org.junit.Assert.assertTrue(Assert.java:52)
at com.app.stepdefs.LoginStepDefs.messageShouldBeDisplayed(LoginStepDefs.java:61)
at ✽.Message Should Be Displayed 'incorrect email or Password'(file:///C:/Users/farha/furniture-project/LoginFunctionality/src/test/java/features/login.feature:7)
]]>
    </failure>
  </testcase> <!-- runScenario -->
  <system-out/>
  <testcase classname="com.app.runner.TestNgRunner" name="runScenario" time="53.628"/>
  <system-out/>
  <testcase classname="com.app.runner.TestNgRunner" name="runScenario" time="51.331">
    <failure type="java.lang.AssertionError">
      <![CDATA[java.lang.AssertionError
at org.junit.Assert.fail(Assert.java:86)
at org.junit.Assert.assertTrue(Assert.java:41)
at org.junit.Assert.assertTrue(Assert.java:52)
at com.app.stepdefs.LoginStepDefs.messageShouldBeDisplayed(LoginStepDefs.java:61)
at ✽.Message Should Be Displayed 'incorrect email or Password'(file:///C:/Users/farha/furniture-project/LoginFunctionality/src/test/java/features/login.feature:7)
]]>
    </failure>
  </testcase> <!-- runScenario -->
  <system-out/>
  <testcase classname="com.app.runner.TestNgRunner" name="runScenario" time="48.310">
    <failure type="java.lang.AssertionError">
      <![CDATA[java.lang.AssertionError
at org.junit.Assert.fail(Assert.java:86)
at org.junit.Assert.assertTrue(Assert.java:41)
at org.junit.Assert.assertTrue(Assert.java:52)
at com.app.stepdefs.LoginStepDefs.messageShouldBeDisplayed(LoginStepDefs.java:61)
at ✽.Message Should Be Displayed 'incorrect email or Password'(file:///C:/Users/farha/furniture-project/LoginFunctionality/src/test/java/features/login.feature:7)
]]>
    </failure>
  </testcase> <!-- runScenario -->
  <system-out/>
  <testcase classname="com.app.runner.TestNgRunner" name="runScenario" time="46.279">
    <failure type="java.lang.AssertionError">
      <![CDATA[java.lang.AssertionError
at org.junit.Assert.fail(Assert.java:86)
at org.junit.Assert.assertTrue(Assert.java:41)
at org.junit.Assert.assertTrue(Assert.java:52)
at com.app.stepdefs.LoginStepDefs.messageShouldBeDisplayed(LoginStepDefs.java:61)
at ✽.Message Should Be Displayed 'incorrect email or Password'(file:///C:/Users/farha/furniture-project/LoginFunctionality/src/test/java/features/login.feature:7)
]]>
    </failure>
  </testcase> <!-- runScenario -->
  <system-out/>
</testsuite> <!-- com.app.runner.TestNgRunner -->
