<?xml version="1.0" encoding="UTF-8"?>
<testng-results ignored="0" total="5" passed="1" failed="4" skipped="0">
  <reporter-output>
  </reporter-output>
  <suite started-at="2024-01-18T15:41:07 IST" name="Default suite" finished-at="2024-01-18T15:45:17 IST" duration-ms="250120">
    <groups>
      <group name="cucumber">
        <method signature="AbstractTestNGCucumberTests.runScenario(io.cucumber.testng.PickleWrapper,io.cucumber.testng.FeatureWrapper)[pri:0, instance:com.app.runner.TestNgRunner@6f4a47c7]" name="runScenario" class="io.cucumber.testng.AbstractTestNGCucumberTests"/>
      </group> <!-- cucumber -->
    </groups>
    <test started-at="2024-01-18T15:41:07 IST" name="Default test" finished-at="2024-01-18T15:45:17 IST" duration-ms="250120">
      <class name="com.app.runner.TestNgRunner">
        <test-method is-config="true" signature="setUpClass(org.testng.ITestContext)[pri:0, instance:com.app.runner.TestNgRunner@6f4a47c7]" started-at="2024-01-18T15:41:07 IST" name="setUpClass" finished-at="2024-01-18T15:41:08 IST" duration-ms="1039" status="PASS">
          <params>
            <param index="0">
              <value>
                <![CDATA[org.testng.TestRunner@44618fe6]]>
              </value>
            </param>
          </params>
          <reporter-output>
          </reporter-output>
        </test-method> <!-- setUpClass -->
        <test-method signature="runScenario(io.cucumber.testng.PickleWrapper,io.cucumber.testng.FeatureWrapper)[pri:0, instance:com.app.runner.TestNgRunner@6f4a47c7]" started-at="2024-01-18T15:41:08 IST" name="runScenario" description="Runs Cucumber Scenarios" data-provider="scenarios" finished-at="2024-01-18T15:42:02 IST" duration-ms="53628" status="PASS">
          <params>
            <param index="0">
              <value>
                <![CDATA["User login with different credentials"]]>
              </value>
            </param>
            <param index="1">
              <value>
                <![CDATA["Login functionality"]]>
              </value>
            </param>
          </params>
          <reporter-output>
          </reporter-output>
        </test-method> <!-- runScenario -->
        <test-method signature="runScenario(io.cucumber.testng.PickleWrapper,io.cucumber.testng.FeatureWrapper)[pri:0, instance:com.app.runner.TestNgRunner@6f4a47c7]" started-at="2024-01-18T15:42:02 IST" name="runScenario" description="Runs Cucumber Scenarios" data-provider="scenarios" finished-at="2024-01-18T15:42:49 IST" duration-ms="47491" status="FAIL">
          <params>
            <param index="0">
              <value>
                <![CDATA["User login with different credentials"]]>
              </value>
            </param>
            <param index="1">
              <value>
                <![CDATA["Login functionality"]]>
              </value>
            </param>
          </params>
          <exception class="java.lang.AssertionError">
            <full-stacktrace>
              <![CDATA[java.lang.AssertionError
at org.junit.Assert.fail(Assert.java:86)
at org.junit.Assert.assertTrue(Assert.java:41)
at org.junit.Assert.assertTrue(Assert.java:52)
at com.app.stepdefs.LoginStepDefs.messageShouldBeDisplayed(LoginStepDefs.java:61)
at ✽.Message Should Be Displayed 'incorrect email or Password'(file:///C:/Users/farha/furniture-project/LoginFunctionality/src/test/java/features/login.feature:7)
]]>
            </full-stacktrace>
          </exception> <!-- java.lang.AssertionError -->
          <reporter-output>
          </reporter-output>
        </test-method> <!-- runScenario -->
        <test-method signature="runScenario(io.cucumber.testng.PickleWrapper,io.cucumber.testng.FeatureWrapper)[pri:0, instance:com.app.runner.TestNgRunner@6f4a47c7]" started-at="2024-01-18T15:42:49 IST" name="runScenario" description="Runs Cucumber Scenarios" data-provider="scenarios" finished-at="2024-01-18T15:43:35 IST" duration-ms="46279" status="FAIL">
          <params>
            <param index="0">
              <value>
                <![CDATA["User login with different credentials"]]>
              </value>
            </param>
            <param index="1">
              <value>
                <![CDATA["Login functionality"]]>
              </value>
            </param>
          </params>
          <exception class="java.lang.AssertionError">
            <full-stacktrace>
              <![CDATA[java.lang.AssertionError
at org.junit.Assert.fail(Assert.java:86)
at org.junit.Assert.assertTrue(Assert.java:41)
at org.junit.Assert.assertTrue(Assert.java:52)
at com.app.stepdefs.LoginStepDefs.messageShouldBeDisplayed(LoginStepDefs.java:61)
at ✽.Message Should Be Displayed 'incorrect email or Password'(file:///C:/Users/farha/furniture-project/LoginFunctionality/src/test/java/features/login.feature:7)
]]>
            </full-stacktrace>
          </exception> <!-- java.lang.AssertionError -->
          <reporter-output>
          </reporter-output>
        </test-method> <!-- runScenario -->
        <test-method signature="runScenario(io.cucumber.testng.PickleWrapper,io.cucumber.testng.FeatureWrapper)[pri:0, instance:com.app.runner.TestNgRunner@6f4a47c7]" started-at="2024-01-18T15:43:35 IST" name="runScenario" description="Runs Cucumber Scenarios" data-provider="scenarios" finished-at="2024-01-18T15:44:24 IST" duration-ms="48310" status="FAIL">
          <params>
            <param index="0">
              <value>
                <![CDATA["User login with different credentials"]]>
              </value>
            </param>
            <param index="1">
              <value>
                <![CDATA["Login functionality"]]>
              </value>
            </param>
          </params>
          <exception class="java.lang.AssertionError">
            <full-stacktrace>
              <![CDATA[java.lang.AssertionError
at org.junit.Assert.fail(Assert.java:86)
at org.junit.Assert.assertTrue(Assert.java:41)
at org.junit.Assert.assertTrue(Assert.java:52)
at com.app.stepdefs.LoginStepDefs.messageShouldBeDisplayed(LoginStepDefs.java:61)
at ✽.Message Should Be Displayed 'incorrect email or Password'(file:///C:/Users/farha/furniture-project/LoginFunctionality/src/test/java/features/login.feature:7)
]]>
            </full-stacktrace>
          </exception> <!-- java.lang.AssertionError -->
          <reporter-output>
          </reporter-output>
        </test-method> <!-- runScenario -->
        <test-method signature="runScenario(io.cucumber.testng.PickleWrapper,io.cucumber.testng.FeatureWrapper)[pri:0, instance:com.app.runner.TestNgRunner@6f4a47c7]" started-at="2024-01-18T15:44:24 IST" name="runScenario" description="Runs Cucumber Scenarios" data-provider="scenarios" finished-at="2024-01-18T15:45:15 IST" duration-ms="51331" status="FAIL">
          <params>
            <param index="0">
              <value>
                <![CDATA["User login with different credentials"]]>
              </value>
            </param>
            <param index="1">
              <value>
                <![CDATA["Login functionality"]]>
              </value>
            </param>
          </params>
          <exception class="java.lang.AssertionError">
            <full-stacktrace>
              <![CDATA[java.lang.AssertionError
at org.junit.Assert.fail(Assert.java:86)
at org.junit.Assert.assertTrue(Assert.java:41)
at org.junit.Assert.assertTrue(Assert.java:52)
at com.app.stepdefs.LoginStepDefs.messageShouldBeDisplayed(LoginStepDefs.java:61)
at ✽.Message Should Be Displayed 'incorrect email or Password'(file:///C:/Users/farha/furniture-project/LoginFunctionality/src/test/java/features/login.feature:7)
]]>
            </full-stacktrace>
          </exception> <!-- java.lang.AssertionError -->
          <reporter-output>
          </reporter-output>
        </test-method> <!-- runScenario -->
        <test-method is-config="true" signature="tearDownClass()[pri:0, instance:com.app.runner.TestNgRunner@6f4a47c7]" started-at="2024-01-18T15:45:15 IST" name="tearDownClass" finished-at="2024-01-18T15:45:17 IST" duration-ms="1956" status="PASS">
          <reporter-output>
          </reporter-output>
        </test-method> <!-- tearDownClass -->
      </class> <!-- com.app.runner.TestNgRunner -->
    </test> <!-- Default test -->
  </suite> <!-- Default suite -->
</testng-results>
